<?xml version="1.0" encoding="UTF-8"?>
<!-- Generated by org.testng.reporters.JUnitReportReporter -->
<testsuite skipped="0" hostname="home-PC" name="com.learnautomation.selenium.DemoForMaven" tests="1" failures="0" timestamp="26 Mar 2018 17:31:27 GMT" time="0.021" errors="0">
  <testcase name="testHello" time="0.021" classname="com.learnautomation.selenium.DemoForMaven"/>
</testsuite> <!-- com.learnautomation.selenium.DemoForMaven -->
